Flow report for VGAmain
Tue Jun 11 20:32:48 2024
Quartus Prime Version 22.1std.2 Build 922 07/20/2023 SC Lite Edition


---------------------
; Table of Contents ;
---------------------
  1. Legal Notice
  2. Flow Summary
  3. Flow Settings
  4. Flow Non-Default Global Settings
  5. Flow Elapsed Time
  6. Flow OS Summary
  7. Flow Log
  8. Flow Messages
  9. Flow Suppressed Messages



----------------
; Legal Notice ;
----------------
Copyright (C) 2023  Intel Corporation. All rights reserved.
Your use of Intel Corporation's design tools, logic functions 
and other software and tools, and any partner logic 
functions, and any output files from any of the foregoing 
(including device programming or simulation files), and any 
associated documentation or information are expressly subject 
to the terms and conditions of the Intel Program License 
Subscription Agreement, the Intel Quartus Prime License Agreement,
the Intel FPGA IP License Agreement, or other applicable license
agreement, including, without limitation, that your use is for
the sole purpose of programming logic devices manufactured by
Intel and sold by Intel or its authorized distributors.  Please
refer to the applicable agreement for further details, at
https://fpgasoftware.intel.com/eula.



+----------------------------------------------------------------------------------+
; Flow Summary                                                                     ;
+---------------------------------+------------------------------------------------+
; Flow Status                     ; Successful - Tue Jun 11 20:32:48 2024          ;
; Quartus Prime Version           ; 22.1std.2 Build 922 07/20/2023 SC Lite Edition ;
; Revision Name                   ; VGAmain                                        ;
; Top-level Entity Name           ; mainVGA                                        ;
; Family                          ; Cyclone V                                      ;
; Device                          ; 5CSEMA5F31C6                                   ;
; Timing Models                   ; Final                                          ;
; Logic utilization (in ALMs)     ; 100 / 32,070 ( < 1 % )                         ;
; Total registers                 ; 20                                             ;
; Total pins                      ; 42 / 457 ( 9 % )                               ;
; Total virtual pins              ; 0                                              ;
; Total block memory bits         ; 14,336 / 4,065,280 ( < 1 % )                   ;
; Total DSP Blocks                ; 0 / 87 ( 0 % )                                 ;
; Total HSSI RX PCSs              ; 0                                              ;
; Total HSSI PMA RX Deserializers ; 0                                              ;
; Total HSSI TX PCSs              ; 0                                              ;
; Total HSSI PMA TX Serializers   ; 0                                              ;
; Total PLLs                      ; 1 / 6 ( 17 % )                                 ;
; Total DLLs                      ; 0 / 4 ( 0 % )                                  ;
+---------------------------------+------------------------------------------------+


+-----------------------------------------+
; Flow Settings                           ;
+-------------------+---------------------+
; Option            ; Setting             ;
+-------------------+---------------------+
; Start date & time ; 06/11/2024 20:31:44 ;
; Main task         ; Compilation         ;
; Revision Name     ; VGAmain             ;
+-------------------+---------------------+


+------------------------------------------------------------------------------------------------------------------------------+
; Flow Non-Default Global Settings                                                                                             ;
+--------------------------------------+----------------------------------------+---------------+-------------+----------------+
; Assignment Name                      ; Value                                  ; Default Value ; Entity Name ; Section Id     ;
+--------------------------------------+----------------------------------------+---------------+-------------+----------------+
; COMPILER_SIGNATURE_ID                ; 187549579636331.171815950417344        ; --            ; --          ; --             ;
; EDA_DESIGN_INSTANCE_NAME             ; NA                                     ; --            ; --          ; testbench      ;
; EDA_NATIVELINK_SIMULATION_TEST_BENCH ; testbench                              ; --            ; --          ; eda_simulation ;
; EDA_OUTPUT_DATA_FORMAT               ; Systemverilog Hdl                      ; --            ; --          ; eda_simulation ;
; EDA_SIMULATION_TOOL                  ; Questa Intel FPGA (SystemVerilog)      ; <None>        ; --          ; --             ;
; EDA_TEST_BENCH_ENABLE_STATUS         ; TEST_BENCH_MODE                        ; --            ; --          ; eda_simulation ;
; EDA_TEST_BENCH_FILE                  ; testbench.sv                           ; --            ; --          ; testbench      ;
; EDA_TEST_BENCH_FILE                  ; pll.v                                  ; --            ; --          ; testbench      ;
; EDA_TEST_BENCH_FILE                  ; vga.sv                                 ; --            ; --          ; testbench      ;
; EDA_TEST_BENCH_FILE                  ; Ram1.v                                 ; --            ; --          ; testbench      ;
; EDA_TEST_BENCH_FILE                  ; Memory_Ram.mif                         ; --            ; --          ; testbench      ;
; EDA_TEST_BENCH_FILE                  ; Ram1_bb.v                              ; --            ; --          ; testbench      ;
; EDA_TEST_BENCH_FILE                  ; pll/pll_0002.v                         ; --            ; --          ; testbench      ;
; EDA_TEST_BENCH_MODULE_NAME           ; testbench                              ; --            ; --          ; testbench      ;
; EDA_TEST_BENCH_NAME                  ; testbench                              ; --            ; --          ; eda_simulation ;
; EDA_TIME_SCALE                       ; 1 ps                                   ; --            ; --          ; eda_simulation ;
; MAX_CORE_JUNCTION_TEMP               ; 85                                     ; --            ; --          ; --             ;
; MIN_CORE_JUNCTION_TEMP               ; 0                                      ; --            ; --          ; --             ;
; MISC_FILE                            ; pll.cmp                                ; --            ; --          ; --             ;
; MISC_FILE                            ; pll_sim/pll.vo                         ; --            ; --          ; --             ;
; MISC_FILE                            ; RamMemory_bb.v                         ; --            ; --          ; --             ;
; MISC_FILE                            ; SecondRam_bb.v                         ; --            ; --          ; --             ;
; MISC_FILE                            ; memory/irom_bb.v                       ; --            ; --          ; --             ;
; MISC_FILE                            ; memory/dram_bb.v                       ; --            ; --          ; --             ;
; PARTITION_COLOR                      ; -- (Not supported for targeted family) ; --            ; mainVGA     ; Top            ;
; PARTITION_FITTER_PRESERVATION_LEVEL  ; -- (Not supported for targeted family) ; --            ; mainVGA     ; Top            ;
; PARTITION_NETLIST_TYPE               ; -- (Not supported for targeted family) ; --            ; mainVGA     ; Top            ;
; POWER_BOARD_THERMAL_MODEL            ; None (CONSERVATIVE)                    ; --            ; --          ; --             ;
; POWER_PRESET_COOLING_SOLUTION        ; 23 MM HEAT SINK WITH 200 LFPM AIRFLOW  ; --            ; --          ; --             ;
; PROJECT_OUTPUT_DIRECTORY             ; output_files                           ; --            ; --          ; --             ;
; SPD_FILE                             ; pll.spd                                ; --            ; --          ; --             ;
; SYNTHESIS_ONLY_QIP                   ; On                                     ; --            ; --          ; --             ;
; TOP_LEVEL_ENTITY                     ; mainVGA                                ; VGAmain       ; --          ; --             ;
+--------------------------------------+----------------------------------------+---------------+-------------+----------------+


+--------------------------------------------------------------------------------------------------------------------------+
; Flow Elapsed Time                                                                                                        ;
+----------------------+--------------+-------------------------+---------------------+------------------------------------+
; Module Name          ; Elapsed Time ; Average Processors Used ; Peak Virtual Memory ; Total CPU Time (on all processors) ;
+----------------------+--------------+-------------------------+---------------------+------------------------------------+
; Analysis & Synthesis ; 00:00:08     ; 1.0                     ; 4866 MB             ; 00:00:06                           ;
; Fitter               ; 00:00:34     ; 1.0                     ; 6615 MB             ; 00:00:29                           ;
; Assembler            ; 00:00:09     ; 1.0                     ; 4883 MB             ; 00:00:03                           ;
; Timing Analyzer      ; 00:00:06     ; 1.1                     ; 5193 MB             ; 00:00:03                           ;
; EDA Netlist Writer   ; 00:00:01     ; 1.0                     ; 4845 MB             ; 00:00:01                           ;
; Total                ; 00:00:58     ; --                      ; --                  ; 00:00:42                           ;
+----------------------+--------------+-------------------------+---------------------+------------------------------------+


+------------------------------------------------------------------------------------+
; Flow OS Summary                                                                    ;
+----------------------+------------------+------------+------------+----------------+
; Module Name          ; Machine Hostname ; OS Name    ; OS Version ; Processor type ;
+----------------------+------------------+------------+------------+----------------+
; Analysis & Synthesis ; Zeus             ; Windows 10 ; 10.0       ; x86_64         ;
; Fitter               ; Zeus             ; Windows 10 ; 10.0       ; x86_64         ;
; Assembler            ; Zeus             ; Windows 10 ; 10.0       ; x86_64         ;
; Timing Analyzer      ; Zeus             ; Windows 10 ; 10.0       ; x86_64         ;
; EDA Netlist Writer   ; Zeus             ; Windows 10 ; 10.0       ; x86_64         ;
+----------------------+------------------+------------+------------+----------------+


------------
; Flow Log ;
------------
quartus_map --read_settings_files=on --write_settings_files=off VGAmain -c VGAmain
quartus_fit --read_settings_files=off --write_settings_files=off VGAmain -c VGAmain
quartus_asm --read_settings_files=off --write_settings_files=off VGAmain -c VGAmain
quartus_sta VGAmain -c VGAmain
quartus_eda --read_settings_files=off --write_settings_files=off VGAmain -c VGAmain



